<?xml version="1.0" encoding="UTF-8"?>
<!-- Generated by org.testng.reporters.JUnitReportReporter -->
<testsuite hostname="EI1108051" name="pom.irctc.testcases.TC002" tests="1" failures="0" timestamp="8 Dec 2018 10:30:39 GMT" time="94.865" errors="0">
  <testcase name="IRCTCsignup" time="94.865" classname="pom.irctc.testcases.TC002"/>
</testsuite> <!-- pom.irctc.testcases.TC002 -->
