<?xml version="1.0" encoding="UTF-8"?>
<!-- Generated by org.testng.reporters.JUnitReportReporter -->
<testsuite hostname="EI1108051" name="pom.irctc.testcases.TC004" tests="1" failures="0" timestamp="8 Dec 2018 10:48:28 GMT" time="81.379" errors="0">
  <testcase name="SaloonMandatoryCheck" time="81.379" classname="pom.irctc.testcases.TC004"/>
</testsuite> <!-- pom.irctc.testcases.TC004 -->
