<?xml version="1.0" encoding="UTF-8"?>
<!-- Generated by org.testng.reporters.JUnitReportReporter -->
<testsuite hostname="EI1108051" name="pom.irctc.testcases.TC001" tests="1" failures="0" timestamp="8 Dec 2018 10:28:47 GMT" time="51.570" errors="0">
  <testcase name="IrctcSignUp" time="51.570" classname="pom.irctc.testcases.TC001"/>
</testsuite> <!-- pom.irctc.testcases.TC001 -->
