<?xml version="1.0" encoding="UTF-8"?>
<!-- Generated by org.testng.reporters.JUnitReportReporter -->
<testsuite hostname="EI1108051" name="utils.SampleReport" tests="1" failures="0" timestamp="1 Dec 2018 05:58:53 GMT" time="0.584" errors="0">
  <testcase name="reporting" time="0.584" classname="utils.SampleReport"/>
</testsuite> <!-- utils.SampleReport -->
