<?xml version="1.0" encoding="UTF-8"?>
<!-- Generated by org.testng.reporters.JUnitReportReporter -->
<testsuite hostname="EI1108051" name="pom.irctc.testcases.TC005" tests="1" failures="0" timestamp="8 Dec 2018 11:00:46 GMT" time="52.759" errors="0">
  <testcase name="Accomodations_GST_Validation" time="52.759" classname="pom.irctc.testcases.TC005"/>
</testsuite> <!-- pom.irctc.testcases.TC005 -->
