<?xml version="1.0" encoding="UTF-8"?>
<!-- Generated by org.testng.reporters.JUnitReportReporter -->
<testsuite hostname="IN1LT0446" failures="0" tests="1" name="pm.irctc.testcases.datasheet.TC001" time="0.000" errors="0" timestamp="2021-06-13T20:42:57 IST" skipped="1">
  <testcase classname="pm.irctc.testcases.datasheet.TC001" name="IrctcSignUp" time="0.000">
    <skipped/>
  </testcase> <!-- IrctcSignUp -->
  <system-out/>
</testsuite> <!-- pm.irctc.testcases.datasheet.TC001 -->
